<?xml version="1.0" encoding="UTF-8"?>
<!-- Generated by org.testng.reporters.JUnitXMLReporter -->
<testsuite ignored="2" hostname="LTIN219977" failures="0" tests="9" name="Smoke_Test" time="63.841" errors="0" timestamp="2021-09-28T11:18:44 IST">
  <testcase classname="tests.TS_CourseSearch" name="TC_SearchTextBox" time="10.705"/>
  <testcase classname="tests.TS_CourseSearch" name="TC_FilterLanguage" time="7.83"/>
  <testcase classname="tests.TS_CourseSearch" name="TC_FilterLevel" time="5.368"/>
  <testcase classname="tests.TS_CourseSearch" name="TC_CourseAvailability" time="0.565"/>
  <testcase classname="tests.TS_CourseSearch" name="TC_CourseDuration" time="10.223"/>
  <testcase classname="tests.TS_Filter" name="languagesDisplayed" time="20.565"/>
  <testcase classname="tests.TS_Filter" name="extractLanguageDetails" time="3.584"/>
  <testcase classname="tests.TS_Filter" name="levelsDisplayed" time="0.219"/>
  <testcase classname="tests.TS_Filter" name="extractLevelsDetails" time="0.296"/>
  <testcase classname="tests.BaseClass" name="@BeforeSuite openWebsite" time="0.0">
    <ignored/>
  </testcase> <!-- @BeforeSuite openWebsite -->
  <testcase classname="tests.BaseClass" name="@AfterSuite exitBrowser" time="0.0">
    <ignored/>
  </testcase> <!-- @AfterSuite exitBrowser -->
</testsuite> <!-- Smoke_Test -->
