<?xml version="1.0" encoding="UTF-8"?>
<!-- Generated by org.testng.reporters.JUnitXMLReporter -->
<testsuite ignored="4" hostname="skull-scyther" failures="0" tests="11" name="Smoke_Test" time="86.088" errors="0" timestamp="2020-11-05T01:52:13 IST">
  <testcase classname="tests.TS_CourseSearch" name="TC_SearchTextBox" time="6.581"/>
  <testcase classname="tests.TS_CourseSearch" name="TC_SearchButtonClickable" time="3.577"/>
  <testcase classname="tests.TS_CourseSearch" name="TC_FilterLanguage" time="11.101"/>
  <testcase classname="tests.TS_CourseSearch" name="TC_FilterLevel" time="2.985"/>
  <testcase classname="tests.TS_CourseSearch" name="TC_CourseAvailability" time="0.241"/>
  <testcase classname="tests.TS_CourseSearch" name="TC_CourseDuration" time="9.514"/>
  <testcase classname="tests.TS_Filter" name="languagesDisplayed" time="11.52"/>
  <testcase classname="tests.TS_Filter" name="extractLanguageDetails" time="2.422"/>
  <testcase classname="tests.TS_Filter" name="levelsDisplayed" time="0.901"/>
  <testcase classname="tests.TS_Filter" name="extractLevelsDetails" time="0.162"/>
  <testcase classname="tests.TS_FormFillupValid" name="TC_validData" time="26.618"/>
  <testcase classname="tests.BaseClass" name="@BeforeSuite openWebsite" time="0.0">
    <ignored/>
  </testcase> <!-- @BeforeSuite openWebsite -->
  <testcase classname="tests.BaseClass" name="@BeforeSuite openWebsite" time="0.0">
    <ignored/>
  </testcase> <!-- @BeforeSuite openWebsite -->
  <testcase classname="tests.BaseClass" name="@AfterSuite exitBrowser" time="0.0">
    <ignored/>
  </testcase> <!-- @AfterSuite exitBrowser -->
  <testcase classname="tests.BaseClass" name="@AfterSuite exitBrowser" time="0.0">
    <ignored/>
  </testcase> <!-- @AfterSuite exitBrowser -->
</testsuite> <!-- Smoke_Test -->
