<?xml version="1.0" encoding="UTF-8"?>
<testng-results ignored="0" total="11" passed="11" failed="0" skipped="0">
  <reporter-output>
  </reporter-output>
  <suite started-at="2021-09-28T12:24:22 IST" name="Default suite" finished-at="2021-09-28T12:26:28 IST" duration-ms="126059">
    <groups>
    </groups>
    <test started-at="2021-09-28T12:24:22 IST" name="Default test" finished-at="2021-09-28T12:26:28 IST" duration-ms="126059">
      <class name="tests.TS_FormFillupInvalid">
        <test-method is-config="true" signature="openWebsite()[pri:0, instance:tests.TS_FormFillupInvalid@4da4253]" started-at="2021-09-28T12:24:05 IST" name="openWebsite" finished-at="2021-09-28T12:24:22 IST" duration-ms="17179" status="PASS">
          <reporter-output>
          </reporter-output>
        </test-method> <!-- openWebsite -->
        <test-method is-config="true" signature="navigateToForm()[pri:0, instance:tests.TS_FormFillupInvalid@4da4253]" started-at="2021-09-28T12:24:22 IST" name="navigateToForm" finished-at="2021-09-28T12:24:32 IST" duration-ms="9474" status="PASS">
          <reporter-output>
          </reporter-output>
        </test-method> <!-- navigateToForm -->
        <test-method is-config="true" signature="refreshpage()[pri:0, instance:tests.TS_FormFillupInvalid@4da4253]" started-at="2021-09-28T12:24:32 IST" name="refreshpage" finished-at="2021-09-28T12:24:39 IST" duration-ms="7716" status="PASS">
          <reporter-output>
          </reporter-output>
        </test-method> <!-- refreshpage -->
        <test-method signature="TC_InvalidEmail()[pri:1, instance:tests.TS_FormFillupInvalid@4da4253]" started-at="2021-09-28T12:24:39 IST" name="TC_InvalidEmail" finished-at="2021-09-28T12:24:48 IST" duration-ms="8755" status="PASS">
          <reporter-output>
          </reporter-output>
        </test-method> <!-- TC_InvalidEmail -->
        <test-method is-config="true" signature="refreshpage()[pri:0, instance:tests.TS_FormFillupInvalid@4da4253]" started-at="2021-09-28T12:24:48 IST" name="refreshpage" finished-at="2021-09-28T12:24:48 IST" duration-ms="19" status="PASS">
          <reporter-output>
          </reporter-output>
        </test-method> <!-- refreshpage -->
        <test-method signature="TC_wrongData1()[pri:2, instance:tests.TS_FormFillupInvalid@4da4253]" started-at="2021-09-28T12:24:48 IST" name="TC_wrongData1" finished-at="2021-09-28T12:24:58 IST" duration-ms="9484" status="PASS">
          <reporter-output>
          </reporter-output>
        </test-method> <!-- TC_wrongData1 -->
        <test-method is-config="true" signature="refreshpage()[pri:0, instance:tests.TS_FormFillupInvalid@4da4253]" started-at="2021-09-28T12:24:58 IST" name="refreshpage" finished-at="2021-09-28T12:24:58 IST" duration-ms="15" status="PASS">
          <reporter-output>
          </reporter-output>
        </test-method> <!-- refreshpage -->
        <test-method signature="TC_wrongData2()[pri:3, instance:tests.TS_FormFillupInvalid@4da4253]" started-at="2021-09-28T12:24:58 IST" name="TC_wrongData2" finished-at="2021-09-28T12:25:07 IST" duration-ms="9380" status="PASS">
          <reporter-output>
          </reporter-output>
        </test-method> <!-- TC_wrongData2 -->
        <test-method is-config="true" signature="refreshpage()[pri:0, instance:tests.TS_FormFillupInvalid@4da4253]" started-at="2021-09-28T12:25:07 IST" name="refreshpage" finished-at="2021-09-28T12:25:07 IST" duration-ms="12" status="PASS">
          <reporter-output>
          </reporter-output>
        </test-method> <!-- refreshpage -->
        <test-method signature="TC_wrongData3()[pri:4, instance:tests.TS_FormFillupInvalid@4da4253]" started-at="2021-09-28T12:25:07 IST" name="TC_wrongData3" finished-at="2021-09-28T12:25:17 IST" duration-ms="9690" status="PASS">
          <reporter-output>
          </reporter-output>
        </test-method> <!-- TC_wrongData3 -->
        <test-method is-config="true" signature="refreshpage()[pri:0, instance:tests.TS_FormFillupInvalid@4da4253]" started-at="2021-09-28T12:25:17 IST" name="refreshpage" finished-at="2021-09-28T12:25:17 IST" duration-ms="13" status="PASS">
          <reporter-output>
          </reporter-output>
        </test-method> <!-- refreshpage -->
        <test-method signature="TC_wrongData4()[pri:5, instance:tests.TS_FormFillupInvalid@4da4253]" started-at="2021-09-28T12:25:17 IST" name="TC_wrongData4" finished-at="2021-09-28T12:25:26 IST" duration-ms="9544" status="PASS">
          <reporter-output>
          </reporter-output>
        </test-method> <!-- TC_wrongData4 -->
        <test-method is-config="true" signature="refreshpage()[pri:0, instance:tests.TS_FormFillupInvalid@4da4253]" started-at="2021-09-28T12:25:26 IST" name="refreshpage" finished-at="2021-09-28T12:25:26 IST" duration-ms="14" status="PASS">
          <reporter-output>
          </reporter-output>
        </test-method> <!-- refreshpage -->
        <test-method signature="TC_wrongData5()[pri:6, instance:tests.TS_FormFillupInvalid@4da4253]" started-at="2021-09-28T12:25:26 IST" name="TC_wrongData5" finished-at="2021-09-28T12:25:36 IST" duration-ms="9811" status="PASS">
          <reporter-output>
          </reporter-output>
        </test-method> <!-- TC_wrongData5 -->
        <test-method is-config="true" signature="refreshpage()[pri:0, instance:tests.TS_FormFillupInvalid@4da4253]" started-at="2021-09-28T12:25:36 IST" name="refreshpage" finished-at="2021-09-28T12:25:36 IST" duration-ms="12" status="PASS">
          <reporter-output>
          </reporter-output>
        </test-method> <!-- refreshpage -->
        <test-method signature="TC_wrongData6()[pri:7, instance:tests.TS_FormFillupInvalid@4da4253]" started-at="2021-09-28T12:25:36 IST" name="TC_wrongData6" finished-at="2021-09-28T12:25:46 IST" duration-ms="9672" status="PASS">
          <reporter-output>
          </reporter-output>
        </test-method> <!-- TC_wrongData6 -->
        <test-method is-config="true" signature="refreshpage()[pri:0, instance:tests.TS_FormFillupInvalid@4da4253]" started-at="2021-09-28T12:25:46 IST" name="refreshpage" finished-at="2021-09-28T12:25:46 IST" duration-ms="14" status="PASS">
          <reporter-output>
          </reporter-output>
        </test-method> <!-- refreshpage -->
        <test-method signature="TC_wrongData7()[pri:8, instance:tests.TS_FormFillupInvalid@4da4253]" started-at="2021-09-28T12:25:46 IST" name="TC_wrongData7" finished-at="2021-09-28T12:25:55 IST" duration-ms="8998" status="PASS">
          <reporter-output>
          </reporter-output>
        </test-method> <!-- TC_wrongData7 -->
        <test-method is-config="true" signature="refreshpage()[pri:0, instance:tests.TS_FormFillupInvalid@4da4253]" started-at="2021-09-28T12:25:55 IST" name="refreshpage" finished-at="2021-09-28T12:25:55 IST" duration-ms="12" status="PASS">
          <reporter-output>
          </reporter-output>
        </test-method> <!-- refreshpage -->
        <test-method signature="TC_wrongData8()[pri:9, instance:tests.TS_FormFillupInvalid@4da4253]" started-at="2021-09-28T12:25:55 IST" name="TC_wrongData8" finished-at="2021-09-28T12:26:04 IST" duration-ms="9285" status="PASS">
          <reporter-output>
          </reporter-output>
        </test-method> <!-- TC_wrongData8 -->
        <test-method is-config="true" signature="refreshpage()[pri:0, instance:tests.TS_FormFillupInvalid@4da4253]" started-at="2021-09-28T12:26:04 IST" name="refreshpage" finished-at="2021-09-28T12:26:07 IST" duration-ms="2854" status="PASS">
          <reporter-output>
          </reporter-output>
        </test-method> <!-- refreshpage -->
        <test-method signature="TC_wrongData9()[pri:10, instance:tests.TS_FormFillupInvalid@4da4253]" started-at="2021-09-28T12:26:07 IST" name="TC_wrongData9" finished-at="2021-09-28T12:26:19 IST" duration-ms="11676" status="PASS">
          <reporter-output>
          </reporter-output>
        </test-method> <!-- TC_wrongData9 -->
        <test-method is-config="true" signature="refreshpage()[pri:0, instance:tests.TS_FormFillupInvalid@4da4253]" started-at="2021-09-28T12:26:19 IST" name="refreshpage" finished-at="2021-09-28T12:26:19 IST" duration-ms="11" status="PASS">
          <reporter-output>
          </reporter-output>
        </test-method> <!-- refreshpage -->
        <test-method signature="TC_wrongData10()[pri:11, instance:tests.TS_FormFillupInvalid@4da4253]" started-at="2021-09-28T12:26:19 IST" name="TC_wrongData10" finished-at="2021-09-28T12:26:28 IST" duration-ms="9465" status="PASS">
          <reporter-output>
          </reporter-output>
        </test-method> <!-- TC_wrongData10 -->
        <test-method is-config="true" signature="exitBrowser()[pri:0, instance:tests.TS_FormFillupInvalid@4da4253]" started-at="2021-09-28T12:26:28 IST" name="exitBrowser" finished-at="2021-09-28T12:26:30 IST" duration-ms="1767" status="PASS">
          <reporter-output>
          </reporter-output>
        </test-method> <!-- exitBrowser -->
      </class> <!-- tests.TS_FormFillupInvalid -->
    </test> <!-- Default test -->
  </suite> <!-- Default suite -->
</testng-results>
