<?xml version="1.0" encoding="UTF-8"?>
<testng-results ignored="5" total="6" passed="1" failed="0" skipped="0">
  <reporter-output>
  </reporter-output>
  <suite started-at="2021-09-27T19:10:41 IST" name="Default suite" finished-at="2021-09-27T19:10:44 IST" duration-ms="2476">
    <groups>
    </groups>
    <test started-at="2021-09-27T19:10:41 IST" name="Default test" finished-at="2021-09-27T19:10:44 IST" duration-ms="2476">
      <class name="tests.TS_CourseSearch">
        <test-method is-config="true" signature="openWebsite()[pri:0, instance:tests.TS_CourseSearch@40cb8df7]" started-at="2021-09-27T19:10:18 IST" name="openWebsite" finished-at="2021-09-27T19:10:41 IST" duration-ms="23312" status="PASS">
          <reporter-output>
          </reporter-output>
        </test-method> <!-- openWebsite -->
        <test-method is-config="true" signature="TC_initiateCourse()[pri:0, instance:tests.TS_CourseSearch@40cb8df7]" started-at="2021-09-27T19:10:41 IST" name="TC_initiateCourse" finished-at="2021-09-27T19:10:41 IST" duration-ms="3" status="PASS">
          <reporter-output>
          </reporter-output>
        </test-method> <!-- TC_initiateCourse -->
        <test-method signature="TC_SearchTextBox()[pri:1, instance:tests.TS_CourseSearch@40cb8df7]" started-at="2021-09-27T19:10:41 IST" name="TC_SearchTextBox" finished-at="2021-09-27T19:10:44 IST" duration-ms="2409" status="PASS">
          <reporter-output>
          </reporter-output>
        </test-method> <!-- TC_SearchTextBox -->
        <test-method is-config="true" signature="exitBrowser()[pri:0, instance:tests.TS_CourseSearch@40cb8df7]" started-at="2021-09-27T19:10:44 IST" name="exitBrowser" finished-at="2021-09-27T19:10:45 IST" duration-ms="938" status="PASS">
          <reporter-output>
          </reporter-output>
        </test-method> <!-- exitBrowser -->
      </class> <!-- tests.TS_CourseSearch -->
    </test> <!-- Default test -->
  </suite> <!-- Default suite -->
</testng-results>
