<?xml version="1.0" encoding="UTF-8"?>
<!-- Generated by org.testng.reporters.JUnitXMLReporter -->
<testsuite ignored="0" hostname="LTIN219977" failures="0" tests="11" name="Default test" time="126.059" errors="0" timestamp="2021-09-28T12:26:28 IST">
  <testcase classname="tests.TS_FormFillupInvalid" name="TC_InvalidEmail" time="8.755"/>
  <testcase classname="tests.TS_FormFillupInvalid" name="TC_wrongData1" time="9.484"/>
  <testcase classname="tests.TS_FormFillupInvalid" name="TC_wrongData2" time="9.38"/>
  <testcase classname="tests.TS_FormFillupInvalid" name="TC_wrongData3" time="9.69"/>
  <testcase classname="tests.TS_FormFillupInvalid" name="TC_wrongData4" time="9.544"/>
  <testcase classname="tests.TS_FormFillupInvalid" name="TC_wrongData5" time="9.811"/>
  <testcase classname="tests.TS_FormFillupInvalid" name="TC_wrongData6" time="9.672"/>
  <testcase classname="tests.TS_FormFillupInvalid" name="TC_wrongData7" time="8.998"/>
  <testcase classname="tests.TS_FormFillupInvalid" name="TC_wrongData8" time="9.285"/>
  <testcase classname="tests.TS_FormFillupInvalid" name="TC_wrongData9" time="11.676"/>
  <testcase classname="tests.TS_FormFillupInvalid" name="TC_wrongData10" time="9.465"/>
</testsuite> <!-- Default test -->
