<?xml version="1.0" encoding="UTF-8"?>
<!-- Generated by org.testng.reporters.JUnitXMLReporter -->
<testsuite ignored="5" hostname="LTIN219977" failures="0" tests="1" name="Default test" time="2.476" errors="0" timestamp="2021-09-27T19:10:44 IST">
  <testcase classname="tests.TS_CourseSearch" name="TC_SearchTextBox" time="2.409"/>
  <testcase classname="tests.TS_CourseSearch" name="TC_FilterLevel" time="0.0">
    <ignored/>
  </testcase> <!-- TC_FilterLevel -->
  <testcase classname="tests.TS_CourseSearch" name="TC_CourseDuration" time="0.0">
    <ignored/>
  </testcase> <!-- TC_CourseDuration -->
  <testcase classname="tests.TS_CourseSearch" name="TC_FilterLanguage" time="0.0">
    <ignored/>
  </testcase> <!-- TC_FilterLanguage -->
  <testcase classname="tests.TS_CourseSearch" name="TC_SearchButtonClickable" time="0.0">
    <ignored/>
  </testcase> <!-- TC_SearchButtonClickable -->
  <testcase classname="tests.TS_CourseSearch" name="TC_CourseAvailability" time="0.0">
    <ignored/>
  </testcase> <!-- TC_CourseAvailability -->
</testsuite> <!-- Default test -->
