<?xml version="1.0" encoding="UTF-8"?>
<!-- Generated by org.testng.reporters.JUnitXMLReporter -->
<testsuite ignored="0" hostname="LTIN219977" failures="0" tests="11" name="Regresion_Test" time="124.389" errors="0" timestamp="2021-09-29T12:51:07 IST">
  <testcase classname="tests.TS_FormFillupInvalid" name="TC_InvalidFirstName" time="7.255"/>
  <testcase classname="tests.TS_FormFillupInvalid" name="TC_InvalidLastName" time="9.075"/>
  <testcase classname="tests.TS_FormFillupInvalid" name="TC_InvalidJobFunction" time="8.87"/>
  <testcase classname="tests.TS_FormFillupInvalid" name="TC_InvalidJobTitle" time="9.305"/>
  <testcase classname="tests.TS_FormFillupInvalid" name="TC_InvalidEmail" time="6.323"/>
  <testcase classname="tests.TS_FormFillupInvalid" name="TC_InvalidPhoneNo" time="9.061"/>
  <testcase classname="tests.TS_FormFillupInvalid" name="TC_InvalidInstitutionName" time="8.619"/>
  <testcase classname="tests.TS_FormFillupInvalid" name="TC_InvalidInstitutionType" time="9.888"/>
  <testcase classname="tests.TS_FormFillupInvalid" name="TC_InvalidPrimaryDiscipline" time="8.688"/>
  <testcase classname="tests.TS_FormFillupInvalid" name="TC_InvalidCountry" time="14.859"/>
  <testcase classname="tests.TS_FormFillupInvalid" name="TC_InvalidState" time="9.29"/>
</testsuite> <!-- Regresion_Test -->
