<?xml version="1.0" encoding="UTF-8"?>
<!-- Generated by org.testng.reporters.JUnitXMLReporter -->
<testsuite ignored="0" hostname="skull-scyther" failures="0" tests="10" name="Regresion_Test" time="170.425" errors="0" timestamp="2020-11-05T01:55:20 IST">
  <testcase classname="tests.TS_FormFillupInvalid" name="TC_InvalidEmail" time="50.06"/>
  <testcase classname="tests.TS_FormFillupInvalid" name="TC_wrongData1" time="13.418"/>
  <testcase classname="tests.TS_FormFillupInvalid" name="TC_wrongData2" time="13.444"/>
  <testcase classname="tests.TS_FormFillupInvalid" name="TC_wrongData3" time="13.36"/>
  <testcase classname="tests.TS_FormFillupInvalid" name="TC_wrongData4" time="13.306"/>
  <testcase classname="tests.TS_FormFillupInvalid" name="TC_wrongData5" time="12.934"/>
  <testcase classname="tests.TS_FormFillupInvalid" name="TC_wrongData6" time="13.095"/>
  <testcase classname="tests.TS_FormFillupInvalid" name="TC_wrongData7" time="13.45"/>
  <testcase classname="tests.TS_FormFillupInvalid" name="TC_wrongData8" time="13.382"/>
  <testcase classname="tests.TS_FormFillupInvalid" name="TC_wrongData9" time="12.935"/>
</testsuite> <!-- Regresion_Test -->
